de398864-b445-4874-953a-5d79604e4551:1761817321947:404:S:DROP TABLE result CASCADE CONSTRAINTS;
7b563874-dcf9-42bd-8ff7-024c514e2aff:1761817338145:67:S:DROP TABLE subject CASCADE CONSTRAINTS;
543792f5-300b-4ac0-bb77-e193a40b21b4:1761817355996:74:S:DROP TABLE student CASCADE CONSTRAINTS;
3102c4e8-fb47-41c4-8297-f4106890b82a:1761817377217:89:S:DROP TABLE marks CASCADE CONSTRAINTS;
7d81de01-1159-4b38-a519-c81a2405f632:1761817394577:50:S:CREATE TABLE student (\n    student_id NUMBER GENERATED BY DEFAULT AS IDENTITY PRIMARY KEY,\n    name VARCHAR2(50),\n    class VARCHAR2(10),\n    email VARCHAR2(100)\n);
2f14aa57-90d1-493f-a5a6-4d6a3f16cde8:1761817395167:46:S:CREATE TABLE subject (\n    subject_id NUMBER GENERATED BY DEFAULT AS IDENTITY PRIMARY KEY,\n    subject_name VARCHAR2(50),\n    max_marks NUMBER(3)\n);
041697f4-a5d1-4201-9cf0-03d4add8ed7e:1761817395773:49:S:CREATE TABLE marks (\n    student_id NUMBER REFERENCES student(student_id),\n    subject_id NUMBER REFERENCES subject(subject_id),\n    marks_obtained NUMBER(3),\n    PRIMARY KEY(student_id, subject_id)\n);
a728b7ea-737d-4c96-8e5f-d3afa11703b0:1761817396297:41:S:CREATE TABLE result (\n    student_id NUMBER PRIMARY KEY REFERENCES student(student_id),\n    total_marks NUMBER(5),\n    percentage NUMBER(5,2),\n    grade CHAR(1)\n);
28dd07aa-4129-42da-b4d7-2e45ce4109ac:1761817998071:86:S:DROP TABLE result CASCADE CONSTRAINTS;
fa7b2e7d-0386-4016-a95e-2535b437cde4:1761818023105:55:S:DROP TABLE marks CASCADE CONSTRAINTS;
63caa806-be96-4e95-912d-780c0adf3ecf:1761818039777:91:S:DROP TABLE subject CASCADE CONSTRAINTS;
39279556-e2ad-43b6-ab9d-dd247a27cf98:1761818069921:58:S:DROP TABLE student CASCADE CONSTRAINTS;
24ca5d9d-e29c-460b-997a-778824ba7616:1761819258604:0:F:CREATE TABLE student (\n    student_id NUMBER GENERATED BY DEFAULT AS IDENTITY PRIMARY KEY,\n    name VARCHAR2(50),\n    class VARCHAR2(10),\n    email VARCHAR2(100)\n);
90d48108-7165-4157-9bc5-4470fddc3a91:1761819259310:0:F:CREATE TABLE subject (\n    subject_id NUMBER GENERATED BY DEFAULT AS IDENTITY PRIMARY KEY,\n    subject_name VARCHAR2(50),\n    max_marks NUMBER(3)\n);
74446b79-1508-497a-bef5-488327bcff3f:1761819259788:0:F:CREATE TABLE marks (\n    student_id NUMBER REFERENCES student(student_id),\n    subject_id NUMBER REFERENCES subject(subject_id),\n    marks_obtained NUMBER(3),\n    PRIMARY KEY(student_id, subject_id)\n);
fb1931f3-6c55-4ea1-ac7e-ea83ab5be433:1761819260208:0:F:CREATE TABLE result (\n    student_id NUMBER PRIMARY KEY REFERENCES student(student_id),\n    total_marks NUMBER(5),\n    percentage NUMBER(5,2),\n    grade CHAR(1)\n);
0176f5cb-2a11-42c0-b4e0-dc1350968195:1761819287270:87:S:DROP TABLE result CASCADE CONSTRAINTS;
76d64b9f-fdc5-490a-8aac-b5ce7cea51ce:1761819287488:66:S:DROP TABLE subject CASCADE CONSTRAINTS;
b6f7506c-8824-4754-873c-00887ec94511:1761819287661:71:S:DROP TABLE student CASCADE CONSTRAINTS;
57296991-9897-484f-9520-0f0c61714bb0:1761819289977:0:F:DROP TABLE result CASCADE CONSTRAINTS;
df74563f-cb2d-4645-a3d4-e4ce4b4b020b:1761819290125:0:F:DROP TABLE subject CASCADE CONSTRAINTS;
d5786aba-23dd-4740-b347-68cccd4950b2:1761819290267:0:F:DROP TABLE student CASCADE CONSTRAINTS;
dac81aaf-2ae9-4fae-ba75-52a911807be5:1761819317577:0:F:DROP TABLE subject CASCADE CONSTRAINTS;
b33aa955-6c89-4fd6-b567-2764f811354a:1761819395932:118:S:DROP TABLE result CASCADE CONSTRAINTS;
09445862-9d2b-44cb-a3e6-708ecb5e0b0d:1761819396239:63:S:DROP TABLE subject CASCADE CONSTRAINTS;
20e11d2a-0d01-4c52-afae-f453d99b47a8:1761819396450:86:S:DROP TABLE student CASCADE CONSTRAINTS;
7305c9fb-0428-4fd2-a8e7-7c00374679de:1761819418659:294:S:DROP TABLE marks CASCADE CONSTRAINTS;
bf6e48ec-0139-4f51-9fc2-7b3bb7a205a9:1761819859762:49:S:INSERT INTO student(name, class, email) VALUES ('Amit Sharma', '10A', 'amit@gmail.com');
c0d1f054-9453-4ef2-848b-d60471f2304b:1761819860114:6:S:INSERT INTO student(name, class, email) VALUES ('Priya Rao', '10A', 'priya@gmail.com');
5822c31e-c5c7-497a-8ffe-be14c3a59f5a:1761819860366:5:S:INSERT INTO subject(subject_name, max_marks) VALUES ('Math', 100);
cdd9b2f5-ec1a-4de0-9c8c-2c810db6f99d:1761819860547:3:S:INSERT INTO subject(subject_name, max_marks) VALUES ('Science', 100);
65fcd7d2-f4dd-4e5c-af0e-3148028e61d9:1761828508211:0:F:seseselectse-- data.sql
9175f976-ace3-43ae-b0bb-d93eb9ab073f:1761828509939:0:F:INSERT INTO student(name, class, email) VALUES ('Amit Sharma', '10A', 'amit@gmail.com');
2139acf0-8501-41cd-96aa-84a34ecde336:1761828510193:0:F:INSERT INTO student(name, class, email) VALUES ('Priya Rao', '10A', 'priya@gmail.com');
bc0733b5-84e5-44e4-8273-2650850b6e67:1761828510422:0:F:INSERT INTO subject(subject_name, max_marks) VALUES ('Math', 100);
820aa261-79d8-4f14-8fb9-245e630042c8:1761828510593:0:F:INSERT INTO subject(subject_name, max_marks) VALUES ('Science', 100);
3470620e-4d72-4055-85a4-4135e5f30c1c:1761828510828:0:F:INSERT INTO marks(student_id, subject_id, marks_obtained) VALUES (1, 1, 95);
83a77e9b-0960-40ca-b263-b8c64528d666:1761828511007:0:F:INSERT INTO marks(student_id, subject_id, marks_obtained) VALUES (1, 2, 90);
6930139b-16dc-4091-b677-02608414d8f7:1761828511189:0:F:INSERT INTO marks(student_id, subject_id, marks_obtained) VALUES (2, 1, 85);
45879486-9993-4155-a902-14be6eb329c8:1761828511351:0:F:INSERT INTO marks(student_id, subject_id, marks_obtained) VALUES (2, 2, 80);
6c01f33a-94e9-4801-aa6e-31f1142514ff:1761828511840:0:F:CREATE OR REPLACE TRIGGER trg_calc_result\nAFTER INSERT OR UPDATE ON marks\nFOR EACH ROW\nBEGIN\n    calculate_results;\nEND;\n/
20dc53eb-8409-4832-9c26-44d35c2251b7:1761828512333:0:F:CREATE OR REPLACE TRIGGER trg_calc_result\nAFTER INSERT OR UPDATE ON marks\nFOR EACH ROW\nBEGIN\n    calculate_results;\nEND;\n/
6bebe3c9-86cb-4510-bace-1456eebd63c2:1761828513055:0:F:CREATE OR REPLACE VIEW top_scorers AS\nSELECT s.name, r.percentage, r.grade\nFROM student s\nJOIN result r ON s.student_id = r.student_id\nORDER BY r.percentage DESC\nFETCH FIRST 3 ROWS ONLY;
3f34e9e0-9a0f-4d89-93ee-5102447eb9a5:1761828513793:0:F:CREATE OR REPLACE VIEW class_summary AS\nSELECT class, COUNT(student_id) AS total_students,\n       AVG(percentage) AS avg_percentage\nFROM student s JOIN result r ON s.student_id = r.student_id\nGROUP BY class;
1232302f-651a-40be-aed0-37a547de982d:1761828514380:0:F:CREATE TABLE student (\n    student_id NUMBER GENERATED BY DEFAULT AS IDENTITY PRIMARY KEY,\n    name VARCHAR2(50),\n    class VARCHAR2(10),\n    email VARCHAR2(100)\n);
3e8449a2-0646-4604-a562-0ad1b1d03e8f:1761828514680:0:F:CREATE TABLE subject (\n    subject_id NUMBER GENERATED BY DEFAULT AS IDENTITY PRIMARY KEY,\n    subject_name VARCHAR2(50),\n    max_marks NUMBER(3)\n);
eee7f44b-5872-4478-a42b-e650198be944:1761828515042:0:F:CREATE TABLE marks (\n    student_id NUMBER REFERENCES student(student_id),\n    subject_id NUMBER REFERENCES subject(subject_id),\n    marks_obtained NUMBER(3),\n    PRIMARY KEY(student_id, subject_id)\n);
522b1ee9-8dcb-4774-b5cc-24a90a2db0aa:1761828515356:0:F:CREATE TABLE result (\n    student_id NUMBER PRIMARY KEY REFERENCES student(student_id),\n    total_marks NUMBER(5),\n    percentage NUMBER(5,2),\n    grade CHAR(1)\n);
